Using pre-set license

 COMMAND LINE ARGUMENTS:
/Applications/Unity/2020.3.5f1c1/Unity.app/Contents/MacOS/Unity
-adb2
-batchMode
-noUpm
-name
AssetImportWorker0
-projectPath
/Users/neo.xu/Documents/MyWork/Demo/LearnComputerShader/LearnComputerShader
-logFile
Logs/AssetImportWorker0.log
-srvPort
60944
Successfully changed project path to: /Users/neo.xu/Documents/MyWork/Demo/LearnComputerShader/LearnComputerShader
/Users/neo.xu/Documents/MyWork/Demo/LearnComputerShader/LearnComputerShader
Using Asset Import Pipeline V2.
Refreshing native plugins compatible for Editor in 32.81 ms, found 1 plugins.
Preloading 0 native plugins for Editor in 0.00 ms.
Initialize engine version: 2020.3.5f1c1 (548653c6c3de)
[Subsystems] Discovering subsystems at path /Applications/Unity/2020.3.5f1c1/Unity.app/Contents/Resources/UnitySubsystems
[Subsystems] Discovering subsystems at path /Users/neo.xu/Documents/MyWork/Demo/LearnComputerShader/LearnComputerShader/Assets
GfxDevice: creating device client; threaded=0
2021-05-13 17:27:53.586 Unity[21075:1854763] DELL U2718Q preferred device: Intel(R) UHD Graphics 630 (low power)
2021-05-13 17:27:53.586 Unity[21075:1854763] Metal devices available: 1
2021-05-13 17:27:53.586 Unity[21075:1854763] 0: Intel(R) UHD Graphics 630 (low power)
2021-05-13 17:27:53.587 Unity[21075:1854763] Using device Intel(R) UHD Graphics 630 (low power)
Initializing Metal device caps: Intel(R) UHD Graphics 630
Initialize mono
Mono path[0] = '/Applications/Unity/2020.3.5f1c1/Unity.app/Contents/Managed'
Mono path[1] = '/Applications/Unity/2020.3.5f1c1/Unity.app/Contents/MonoBleedingEdge/lib/mono/unityjit'
Mono config path = '/Applications/Unity/2020.3.5f1c1/Unity.app/Contents/MonoBleedingEdge/etc'
Using monoOptions --debugger-agent=transport=dt_socket,embedding=1,server=y,suspend=n,address=127.0.0.1:56075
Begin MonoManager ReloadAssembly
Registering precompiled unity dll's ...
Register platform support module: /Applications/Unity/2020.3.5f1c1/Unity.app/Contents/PlaybackEngines/MacStandaloneSupport/UnityEditor.OSXStandalone.Extensions.dll
Registered in 0.032935 seconds.
Native extension for OSXStandalone target not found
Refreshing native plugins compatible for Editor in 19.35 ms, found 1 plugins.
Preloading 0 native plugins for Editor in 0.00 ms.
Mono: successfully reloaded assembly
- Completed reload, in  1.268 seconds
Platform modules already initialized, skipping
Registering precompiled user dll's ...
Registered in 0.016385 seconds.
Begin MonoManager ReloadAssembly
Native extension for OSXStandalone target not found
Refreshing native plugins compatible for Editor in 0.18 ms, found 1 plugins.
Preloading 0 native plugins for Editor in 0.00 ms.
Mono: successfully reloaded assembly
- Completed reload, in  0.969 seconds
Platform modules already initialized, skipping
========================================================================
Worker process is ready to serve import requests
Launching external process: /Applications/Unity/2020.3.5f1c1/Unity.app/Contents/Tools/UnityShaderCompiler
Launched and connected shader compiler UnityShaderCompiler after 0.06 seconds
Refreshing native plugins compatible for Editor in 0.18 ms, found 1 plugins.
Preloading 0 native plugins for Editor in 0.00 ms.
Unloading 1115 Unused Serialized files (Serialized files now loaded: 0)
System memory in use before: 108.4 MB.
System memory in use after: 108.4 MB.

Unloading 10 unused Assets to reduce memory usage. Loaded Objects now: 1557.
Total: 3.063808 ms (FindLiveObjects: 0.257622 ms CreateObjectMapping: 0.083569 ms MarkObjects: 2.637095 ms  DeleteObjects: 0.079683 ms)

========================================================================
Received Import Request.
  path: Assets
  artifactKey: Guid(00000000000000001000000000000000) Importer(815301076,1909f56bfc062723c751e8b465ee728b)
Start importing Assets using Guid(00000000000000001000000000000000) Importer(815301076,1909f56bfc062723c751e8b465ee728b)  -> (artifact id: '5df9f6b88cc5b98f072f127b239f8810') in 0.014848 seconds
  Import took 0.029057 seconds .

========================================================================
Received Import Request.
  Time since last request: 0.248052 seconds.
  path: Assets/Demo1
  artifactKey: Guid(d60a4fbc3df93404b826189c4316875c) Importer(815301076,1909f56bfc062723c751e8b465ee728b)
Start importing Assets/Demo1 using Guid(d60a4fbc3df93404b826189c4316875c) Importer(815301076,1909f56bfc062723c751e8b465ee728b)  -> (artifact id: 'e357184fd05ae613bf7ac45f1eece41c') in 0.011796 seconds
  Import took 0.017057 seconds .

